{"C:\\Users\\Kushal\\fp\\w10\\squizGame\\src\\pages\\LobbyRoom\\LobbyRoom.js": {"path":"C:\\Users\\Kushal\\fp\\w10\\squizGame\\src\\pages\\LobbyRoom\\LobbyRoom.js","statementMap":{"0":{"start":{"line":8,"column":18},"end":{"line":111,"column":1}},"1":{"start":{"line":10,"column":30},"end":{"line":10,"column":55}},"2":{"start":{"line":11,"column":34},"end":{"line":11,"column":59}},"3":{"start":{"line":12,"column":34},"end":{"line":12,"column":59}},"4":{"start":{"line":13,"column":40},"end":{"line":13,"column":65}},"5":{"start":{"line":14,"column":36},"end":{"line":14,"column":61}},"6":{"start":{"line":15,"column":27},"end":{"line":15,"column":52}},"7":{"start":{"line":18,"column":19},"end":{"line":18,"column":30}},"8":{"start":{"line":20,"column":36},"end":{"line":20,"column":50}},"9":{"start":{"line":22,"column":46},"end":{"line":22,"column":57}},"10":{"start":{"line":24,"column":20},"end":{"line":24,"column":32}},"11":{"start":{"line":26,"column":36},"end":{"line":26,"column":51}},"12":{"start":{"line":29,"column":4},"end":{"line":32,"column":19}},"13":{"start":{"line":30,"column":8},"end":{"line":31,"column":37}},"14":{"start":{"line":31,"column":12},"end":{"line":31,"column":37}},"15":{"start":{"line":34,"column":4},"end":{"line":62,"column":11}},"16":{"start":{"line":36,"column":8},"end":{"line":36,"column":35}},"17":{"start":{"line":38,"column":8},"end":{"line":38,"column":43}},"18":{"start":{"line":40,"column":8},"end":{"line":54,"column":11}},"19":{"start":{"line":42,"column":12},"end":{"line":42,"column":39}},"20":{"start":{"line":44,"column":12},"end":{"line":44,"column":27}},"21":{"start":{"line":46,"column":12},"end":{"line":53,"column":13}},"22":{"start":{"line":48,"column":16},"end":{"line":48,"column":45}},"23":{"start":{"line":49,"column":16},"end":{"line":49,"column":57}},"24":{"start":{"line":50,"column":16},"end":{"line":50,"column":34}},"25":{"start":{"line":52,"column":16},"end":{"line":52,"column":35}},"26":{"start":{"line":56,"column":8},"end":{"line":60,"column":11}},"27":{"start":{"line":58,"column":12},"end":{"line":58,"column":67}},"28":{"start":{"line":59,"column":12},"end":{"line":59,"column":30}},"29":{"start":{"line":64,"column":33},"end":{"line":66,"column":5}},"30":{"start":{"line":65,"column":8},"end":{"line":65,"column":53}},"31":{"start":{"line":68,"column":31},"end":{"line":75,"column":5}},"32":{"start":{"line":69,"column":20},"end":{"line":72,"column":9}},"33":{"start":{"line":74,"column":8},"end":{"line":74,"column":19}},"34":{"start":{"line":77,"column":27},"end":{"line":93,"column":5}},"35":{"start":{"line":78,"column":8},"end":{"line":79,"column":19}},"36":{"start":{"line":79,"column":12},"end":{"line":79,"column":19}},"37":{"start":{"line":82,"column":8},"end":{"line":82,"column":94}},"38":{"start":{"line":83,"column":8},"end":{"line":83,"column":54}},"39":{"start":{"line":85,"column":8},"end":{"line":86,"column":52}},"40":{"start":{"line":86,"column":12},"end":{"line":86,"column":52}},"41":{"start":{"line":86,"column":36},"end":{"line":86,"column":50}},"42":{"start":{"line":88,"column":8},"end":{"line":92,"column":9}},"43":{"start":{"line":89,"column":12},"end":{"line":89,"column":31}},"44":{"start":{"line":91,"column":12},"end":{"line":91,"column":57}},"45":{"start":{"line":91,"column":42},"end":{"line":91,"column":55}},"46":{"start":{"line":95,"column":4},"end":{"line":110,"column":6}}},"fnMap":{"0":{"name":"(anonymous_0)","decl":{"start":{"line":8,"column":18},"end":{"line":8,"column":19}},"loc":{"start":{"line":8,"column":24},"end":{"line":111,"column":1}},"line":8},"1":{"name":"(anonymous_1)","decl":{"start":{"line":29,"column":14},"end":{"line":29,"column":15}},"loc":{"start":{"line":29,"column":20},"end":{"line":32,"column":5}},"line":29},"2":{"name":"(anonymous_2)","decl":{"start":{"line":34,"column":14},"end":{"line":34,"column":15}},"loc":{"start":{"line":34,"column":20},"end":{"line":62,"column":5}},"line":34},"3":{"name":"(anonymous_3)","decl":{"start":{"line":40,"column":28},"end":{"line":40,"column":29}},"loc":{"start":{"line":40,"column":61},"end":{"line":54,"column":9}},"line":40},"4":{"name":"(anonymous_4)","decl":{"start":{"line":56,"column":30},"end":{"line":56,"column":31}},"loc":{"start":{"line":56,"column":37},"end":{"line":60,"column":9}},"line":56},"5":{"name":"(anonymous_5)","decl":{"start":{"line":64,"column":33},"end":{"line":64,"column":34}},"loc":{"start":{"line":64,"column":39},"end":{"line":66,"column":5}},"line":64},"6":{"name":"(anonymous_6)","decl":{"start":{"line":68,"column":31},"end":{"line":68,"column":32}},"loc":{"start":{"line":68,"column":37},"end":{"line":75,"column":5}},"line":68},"7":{"name":"(anonymous_7)","decl":{"start":{"line":77,"column":27},"end":{"line":77,"column":28}},"loc":{"start":{"line":77,"column":39},"end":{"line":93,"column":5}},"line":77},"8":{"name":"(anonymous_8)","decl":{"start":{"line":86,"column":22},"end":{"line":86,"column":23}},"loc":{"start":{"line":86,"column":36},"end":{"line":86,"column":50}},"line":86},"9":{"name":"(anonymous_9)","decl":{"start":{"line":91,"column":29},"end":{"line":91,"column":30}},"loc":{"start":{"line":91,"column":42},"end":{"line":91,"column":55}},"line":91}},"branchMap":{"0":{"loc":{"start":{"line":30,"column":8},"end":{"line":31,"column":37}},"type":"if","locations":[{"start":{"line":30,"column":8},"end":{"line":31,"column":37}},{"start":{"line":30,"column":8},"end":{"line":31,"column":37}}],"line":30},"1":{"loc":{"start":{"line":46,"column":12},"end":{"line":53,"column":13}},"type":"if","locations":[{"start":{"line":46,"column":12},"end":{"line":53,"column":13}},{"start":{"line":46,"column":12},"end":{"line":53,"column":13}}],"line":46},"2":{"loc":{"start":{"line":78,"column":8},"end":{"line":79,"column":19}},"type":"if","locations":[{"start":{"line":78,"column":8},"end":{"line":79,"column":19}},{"start":{"line":78,"column":8},"end":{"line":79,"column":19}}],"line":78},"3":{"loc":{"start":{"line":85,"column":8},"end":{"line":86,"column":52}},"type":"if","locations":[{"start":{"line":85,"column":8},"end":{"line":86,"column":52}},{"start":{"line":85,"column":8},"end":{"line":86,"column":52}}],"line":85},"4":{"loc":{"start":{"line":85,"column":12},"end":{"line":85,"column":109}},"type":"binary-expr","locations":[{"start":{"line":85,"column":12},"end":{"line":85,"column":50}},{"start":{"line":85,"column":54},"end":{"line":85,"column":109}}],"line":85},"5":{"loc":{"start":{"line":88,"column":8},"end":{"line":92,"column":9}},"type":"if","locations":[{"start":{"line":88,"column":8},"end":{"line":92,"column":9}},{"start":{"line":88,"column":8},"end":{"line":92,"column":9}}],"line":88},"6":{"loc":{"start":{"line":101,"column":13},"end":{"line":101,"column":134}},"type":"binary-expr","locations":[{"start":{"line":101,"column":13},"end":{"line":101,"column":21}},{"start":{"line":101,"column":25},"end":{"line":101,"column":134}}],"line":101},"7":{"loc":{"start":{"line":105,"column":13},"end":{"line":105,"column":113}},"type":"cond-expr","locations":[{"start":{"line":105,"column":33},"end":{"line":105,"column":108}},{"start":{"line":105,"column":111},"end":{"line":105,"column":113}}],"line":105},"8":{"loc":{"start":{"line":107,"column":13},"end":{"line":107,"column":96}},"type":"binary-expr","locations":[{"start":{"line":107,"column":13},"end":{"line":107,"column":21}},{"start":{"line":107,"column":25},"end":{"line":107,"column":96}}],"line":107}},"s":{"0":0,"1":0,"2":0,"3":0,"4":0,"5":0,"6":0,"7":0,"8":0,"9":0,"10":0,"11":0,"12":0,"13":0,"14":0,"15":0,"16":0,"17":0,"18":0,"19":0,"20":0,"21":0,"22":0,"23":0,"24":0,"25":0,"26":0,"27":0,"28":0,"29":0,"30":0,"31":0,"32":0,"33":0,"34":0,"35":0,"36":0,"37":0,"38":0,"39":0,"40":0,"41":0,"42":0,"43":0,"44":0,"45":0,"46":0},"f":{"0":0,"1":0,"2":0,"3":0,"4":0,"5":0,"6":0,"7":0,"8":0,"9":0},"b":{"0":[0,0],"1":[0,0],"2":[0,0],"3":[0,0],"4":[0,0],"5":[0,0],"6":[0,0],"7":[0,0],"8":[0,0]}}
,"C:\\Users\\Kushal\\fp\\w10\\squizGame\\src\\pages\\results\\Results.js": {"path":"C:\\Users\\Kushal\\fp\\w10\\squizGame\\src\\pages\\results\\Results.js","statementMap":{"0":{"start":{"line":11,"column":23},"end":{"line":11,"column":48}},"1":{"start":{"line":12,"column":26},"end":{"line":12,"column":51}},"2":{"start":{"line":13,"column":24},"end":{"line":13,"column":49}},"3":{"start":{"line":14,"column":23},"end":{"line":14,"column":48}},"4":{"start":{"line":15,"column":25},"end":{"line":15,"column":50}},"5":{"start":{"line":17,"column":46},"end":{"line":17,"column":96}},"6":{"start":{"line":19,"column":4},"end":{"line":26,"column":11}},"7":{"start":{"line":20,"column":8},"end":{"line":23,"column":11}},"8":{"start":{"line":21,"column":12},"end":{"line":21,"column":58}},"9":{"start":{"line":22,"column":12},"end":{"line":22,"column":38}},"10":{"start":{"line":25,"column":8},"end":{"line":25,"column":85}},"11":{"start":{"line":28,"column":29},"end":{"line":40,"column":5}},"12":{"start":{"line":29,"column":8},"end":{"line":35,"column":14}},"13":{"start":{"line":31,"column":12},"end":{"line":35,"column":14}},"14":{"start":{"line":33,"column":48},"end":{"line":33,"column":102}},"15":{"start":{"line":37,"column":8},"end":{"line":39,"column":17}},"16":{"start":{"line":42,"column":4},"end":{"line":49,"column":6}}},"fnMap":{"0":{"name":"Results","decl":{"start":{"line":9,"column":24},"end":{"line":9,"column":31}},"loc":{"start":{"line":9,"column":34},"end":{"line":50,"column":1}},"line":9},"1":{"name":"(anonymous_1)","decl":{"start":{"line":19,"column":14},"end":{"line":19,"column":15}},"loc":{"start":{"line":19,"column":20},"end":{"line":26,"column":5}},"line":19},"2":{"name":"(anonymous_2)","decl":{"start":{"line":20,"column":36},"end":{"line":20,"column":37}},"loc":{"start":{"line":20,"column":49},"end":{"line":23,"column":9}},"line":20},"3":{"name":"(anonymous_3)","decl":{"start":{"line":28,"column":29},"end":{"line":28,"column":30}},"loc":{"start":{"line":28,"column":35},"end":{"line":40,"column":5}},"line":28},"4":{"name":"(anonymous_4)","decl":{"start":{"line":33,"column":39},"end":{"line":33,"column":40}},"loc":{"start":{"line":33,"column":48},"end":{"line":33,"column":102}},"line":33}},"branchMap":{"0":{"loc":{"start":{"line":29,"column":8},"end":{"line":35,"column":14}},"type":"if","locations":[{"start":{"line":29,"column":8},"end":{"line":35,"column":14}},{"start":{"line":29,"column":8},"end":{"line":35,"column":14}}],"line":29}},"s":{"0":0,"1":0,"2":0,"3":0,"4":0,"5":0,"6":0,"7":0,"8":0,"9":0,"10":0,"11":0,"12":0,"13":0,"14":0,"15":0,"16":0},"f":{"0":0,"1":0,"2":0,"3":0,"4":0},"b":{"0":[0,0]}}
}
