{"C:\\Users\\Kushal\\fp\\w10\\squizGame\\src\\App.js": {"path":"C:\\Users\\Kushal\\fp\\w10\\squizGame\\src\\App.js","statementMap":{"0":{"start":{"line":20,"column":26},"end":{"line":20,"column":45}},"1":{"start":{"line":21,"column":30},"end":{"line":21,"column":40}},"2":{"start":{"line":22,"column":30},"end":{"line":22,"column":41}},"3":{"start":{"line":23,"column":36},"end":{"line":23,"column":51}},"4":{"start":{"line":24,"column":32},"end":{"line":24,"column":42}},"5":{"start":{"line":25,"column":34},"end":{"line":27,"column":3}},"6":{"start":{"line":29,"column":38},"end":{"line":29,"column":52}},"7":{"start":{"line":31,"column":2},"end":{"line":35,"column":3}},"8":{"start":{"line":32,"column":22},"end":{"line":32,"column":50}},"9":{"start":{"line":34,"column":4},"end":{"line":34,"column":25}},"10":{"start":{"line":37,"column":2},"end":{"line":73,"column":4}},"11":{"start":{"line":68,"column":31},"end":{"line":68,"column":43}}},"fnMap":{"0":{"name":"App","decl":{"start":{"line":19,"column":9},"end":{"line":19,"column":12}},"loc":{"start":{"line":19,"column":15},"end":{"line":74,"column":1}},"line":19},"1":{"name":"(anonymous_1)","decl":{"start":{"line":68,"column":25},"end":{"line":68,"column":26}},"loc":{"start":{"line":68,"column":31},"end":{"line":68,"column":43}},"line":68}},"branchMap":{"0":{"loc":{"start":{"line":31,"column":2},"end":{"line":35,"column":3}},"type":"if","locations":[{"start":{"line":31,"column":2},"end":{"line":35,"column":3}},{"start":{"line":31,"column":2},"end":{"line":35,"column":3}}],"line":31}},"s":{"0":0,"1":0,"2":0,"3":0,"4":0,"5":0,"6":0,"7":0,"8":0,"9":0,"10":0,"11":0},"f":{"0":0,"1":0},"b":{"0":[0,0]}}
,"C:\\Users\\Kushal\\fp\\w10\\squizGame\\src\\App.testt.js": {"path":"C:\\Users\\Kushal\\fp\\w10\\squizGame\\src\\App.testt.js","statementMap":{},"fnMap":{},"branchMap":{},"s":{},"f":{},"b":{}}
,"C:\\Users\\Kushal\\fp\\w10\\squizGame\\src\\Context.js": {"path":"C:\\Users\\Kushal\\fp\\w10\\squizGame\\src\\Context.js","statementMap":{"0":{"start":{"line":3,"column":29},"end":{"line":3,"column":44}}},"fnMap":{},"branchMap":{},"s":{"0":5},"f":{},"b":{},"_coverageSchema":"1a1c01bbd47fc00a2c39e90264f33305004495a9","hash":"6cf748665276ad4e2f3ed7370af21f95fb181a68"}
,"C:\\Users\\Kushal\\fp\\w10\\squizGame\\src\\index.js": {"path":"C:\\Users\\Kushal\\fp\\w10\\squizGame\\src\\index.js","statementMap":{"0":{"start":{"line":8,"column":0},"end":{"line":13,"column":2}}},"fnMap":{},"branchMap":{},"s":{"0":0},"f":{},"b":{}}
,"C:\\Users\\Kushal\\fp\\w10\\squizGame\\src\\components\\UI\\BackButton\\BackButton.js": {"path":"C:\\Users\\Kushal\\fp\\w10\\squizGame\\src\\components\\UI\\BackButton\\BackButton.js","statementMap":{"0":{"start":{"line":4,"column":20},"end":{"line":4,"column":32}},"1":{"start":{"line":6,"column":4},"end":{"line":12,"column":6}}},"fnMap":{"0":{"name":"BackButton","decl":{"start":{"line":3,"column":24},"end":{"line":3,"column":34}},"loc":{"start":{"line":3,"column":37},"end":{"line":13,"column":1}},"line":3}},"branchMap":{},"s":{"0":0,"1":0},"f":{"0":0},"b":{},"_coverageSchema":"1a1c01bbd47fc00a2c39e90264f33305004495a9","hash":"2686342f1519534d5525aae1a8241238b16daeae"}
,"C:\\Users\\Kushal\\fp\\w10\\squizGame\\src\\components\\UI\\BackButton\\BackButton.testt.js": {"path":"C:\\Users\\Kushal\\fp\\w10\\squizGame\\src\\components\\UI\\BackButton\\BackButton.testt.js","statementMap":{"0":{"start":{"line":12,"column":0},"end":{"line":16,"column":2}},"1":{"start":{"line":13,"column":4},"end":{"line":13,"column":26}},"2":{"start":{"line":14,"column":22},"end":{"line":14,"column":74}},"3":{"start":{"line":15,"column":4},"end":{"line":15,"column":39}}},"fnMap":{"0":{"name":"(anonymous_0)","decl":{"start":{"line":12,"column":26},"end":{"line":12,"column":27}},"loc":{"start":{"line":12,"column":32},"end":{"line":16,"column":1}},"line":12}},"branchMap":{},"s":{"0":0,"1":0,"2":0,"3":0},"f":{"0":0},"b":{}}
,"C:\\Users\\Kushal\\fp\\w10\\squizGame\\src\\components\\UI\\Button\\Button.js": {"path":"C:\\Users\\Kushal\\fp\\w10\\squizGame\\src\\components\\UI\\Button\\Button.js","statementMap":{"0":{"start":{"line":4,"column":15},"end":{"line":9,"column":1}},"1":{"start":{"line":5,"column":2},"end":{"line":8,"column":4}}},"fnMap":{"0":{"name":"(anonymous_0)","decl":{"start":{"line":4,"column":15},"end":{"line":4,"column":16}},"loc":{"start":{"line":4,"column":26},"end":{"line":9,"column":1}},"line":4}},"branchMap":{},"s":{"0":3,"1":2},"f":{"0":2},"b":{},"_coverageSchema":"1a1c01bbd47fc00a2c39e90264f33305004495a9","hash":"42cabe2d8a6da4b2842c111f1ffb9af4b17a95c2"}
,"C:\\Users\\Kushal\\fp\\w10\\squizGame\\src\\components\\UI\\Title\\Title.js": {"path":"C:\\Users\\Kushal\\fp\\w10\\squizGame\\src\\components\\UI\\Title\\Title.js","statementMap":{"0":{"start":{"line":6,"column":14},"end":{"line":12,"column":1}},"1":{"start":{"line":7,"column":2},"end":{"line":11,"column":4}}},"fnMap":{"0":{"name":"(anonymous_0)","decl":{"start":{"line":6,"column":14},"end":{"line":6,"column":15}},"loc":{"start":{"line":6,"column":20},"end":{"line":12,"column":1}},"line":6}},"branchMap":{},"s":{"0":2,"1":2},"f":{"0":2},"b":{},"_coverageSchema":"1a1c01bbd47fc00a2c39e90264f33305004495a9","hash":"1e884a731b9ea86beb2d29c314b97b62dec6c649"}
,"C:\\Users\\Kushal\\fp\\w10\\squizGame\\src\\components\\UI\\roundedButton\\RoundedButton.js": {"path":"C:\\Users\\Kushal\\fp\\w10\\squizGame\\src\\components\\UI\\roundedButton\\RoundedButton.js","statementMap":{"0":{"start":{"line":12,"column":20},"end":{"line":12,"column":32}},"1":{"start":{"line":15,"column":28},"end":{"line":15,"column":62}},"2":{"start":{"line":16,"column":23},"end":{"line":16,"column":50}},"3":{"start":{"line":17,"column":17},"end":{"line":20,"column":5}},"4":{"start":{"line":22,"column":4},"end":{"line":23,"column":47}},"5":{"start":{"line":23,"column":8},"end":{"line":23,"column":47}},"6":{"start":{"line":26,"column":23},"end":{"line":26,"column":43}},"7":{"start":{"line":27,"column":24},"end":{"line":27,"column":48}},"8":{"start":{"line":30,"column":25},"end":{"line":32,"column":5}},"9":{"start":{"line":31,"column":8},"end":{"line":31,"column":34}},"10":{"start":{"line":34,"column":4},"end":{"line":38,"column":6}}},"fnMap":{"0":{"name":"RoundedButton","decl":{"start":{"line":5,"column":24},"end":{"line":5,"column":37}},"loc":{"start":{"line":5,"column":45},"end":{"line":39,"column":1}},"line":5},"1":{"name":"(anonymous_1)","decl":{"start":{"line":30,"column":25},"end":{"line":30,"column":26}},"loc":{"start":{"line":30,"column":32},"end":{"line":32,"column":5}},"line":30}},"branchMap":{"0":{"loc":{"start":{"line":15,"column":28},"end":{"line":15,"column":62}},"type":"binary-expr","locations":[{"start":{"line":15,"column":28},"end":{"line":15,"column":49}},{"start":{"line":15,"column":53},"end":{"line":15,"column":62}}],"line":15},"1":{"loc":{"start":{"line":16,"column":23},"end":{"line":16,"column":50}},"type":"binary-expr","locations":[{"start":{"line":16,"column":23},"end":{"line":16,"column":39}},{"start":{"line":16,"column":43},"end":{"line":16,"column":50}}],"line":16},"2":{"loc":{"start":{"line":22,"column":4},"end":{"line":23,"column":47}},"type":"if","locations":[{"start":{"line":22,"column":4},"end":{"line":23,"column":47}},{"start":{"line":22,"column":4},"end":{"line":23,"column":47}}],"line":22},"3":{"loc":{"start":{"line":26,"column":23},"end":{"line":26,"column":43}},"type":"binary-expr","locations":[{"start":{"line":26,"column":23},"end":{"line":26,"column":33}},{"start":{"line":26,"column":37},"end":{"line":26,"column":43}}],"line":26},"4":{"loc":{"start":{"line":27,"column":24},"end":{"line":27,"column":48}},"type":"binary-expr","locations":[{"start":{"line":27,"column":24},"end":{"line":27,"column":41}},{"start":{"line":27,"column":45},"end":{"line":27,"column":48}}],"line":27}},"s":{"0":2,"1":2,"2":2,"3":2,"4":2,"5":0,"6":2,"7":2,"8":2,"9":0,"10":2},"f":{"0":2,"1":0},"b":{"0":[2,2],"1":[2,2],"2":[0,2],"3":[2,1],"4":[2,1]},"_coverageSchema":"1a1c01bbd47fc00a2c39e90264f33305004495a9","hash":"ae2767f59d59023986841a4139d06d9b1972b892"}
,"C:\\Users\\Kushal\\fp\\w10\\squizGame\\src\\components\\audio\\Audio.js": {"path":"C:\\Users\\Kushal\\fp\\w10\\squizGame\\src\\components\\audio\\Audio.js","statementMap":{"0":{"start":{"line":7,"column":14},"end":{"line":22,"column":1}},"1":{"start":{"line":9,"column":19},"end":{"line":9,"column":39}},"2":{"start":{"line":11,"column":4},"end":{"line":13,"column":10}},"3":{"start":{"line":12,"column":8},"end":{"line":12,"column":15}},"4":{"start":{"line":15,"column":4},"end":{"line":21,"column":5}}},"fnMap":{"0":{"name":"(anonymous_0)","decl":{"start":{"line":7,"column":14},"end":{"line":7,"column":15}},"loc":{"start":{"line":7,"column":20},"end":{"line":22,"column":1}},"line":7},"1":{"name":"(anonymous_1)","decl":{"start":{"line":11,"column":14},"end":{"line":11,"column":15}},"loc":{"start":{"line":11,"column":20},"end":{"line":13,"column":5}},"line":11}},"branchMap":{},"s":{"0":2,"1":2,"2":2,"3":1,"4":2},"f":{"0":2,"1":1},"b":{},"_coverageSchema":"1a1c01bbd47fc00a2c39e90264f33305004495a9","hash":"893a2a34f1dde1ffcb75d8b61dd6f08a8ae18a74"}
,"C:\\Users\\Kushal\\fp\\w10\\squizGame\\src\\components\\question\\Question.js": {"path":"C:\\Users\\Kushal\\fp\\w10\\squizGame\\src\\components\\question\\Question.js","statementMap":{"0":{"start":{"line":29,"column":4},"end":{"line":35,"column":6}}},"fnMap":{"0":{"name":"Question","decl":{"start":{"line":3,"column":24},"end":{"line":3,"column":32}},"loc":{"start":{"line":3,"column":40},"end":{"line":36,"column":1}},"line":3}},"branchMap":{},"s":{"0":1},"f":{"0":1},"b":{},"_coverageSchema":"1a1c01bbd47fc00a2c39e90264f33305004495a9","hash":"07001a101f0a6fcd1f607c178a5e23e0738c31c2"}
,"C:\\Users\\Kushal\\fp\\w10\\squizGame\\src\\components\\score\\ScoreCard.js": {"path":"C:\\Users\\Kushal\\fp\\w10\\squizGame\\src\\components\\score\\ScoreCard.js","statementMap":{"0":{"start":{"line":4,"column":4},"end":{"line":16,"column":6}}},"fnMap":{"0":{"name":"ScoreCard","decl":{"start":{"line":3,"column":24},"end":{"line":3,"column":33}},"loc":{"start":{"line":3,"column":41},"end":{"line":17,"column":1}},"line":3}},"branchMap":{},"s":{"0":1},"f":{"0":1},"b":{},"_coverageSchema":"1a1c01bbd47fc00a2c39e90264f33305004495a9","hash":"02302a829a9da86c5e379ccc5ee01324108e81a9"}
,"C:\\Users\\Kushal\\fp\\w10\\squizGame\\src\\components\\score\\ScoreFilter.js": {"path":"C:\\Users\\Kushal\\fp\\w10\\squizGame\\src\\components\\score\\ScoreFilter.js","statementMap":{"0":{"start":{"line":7,"column":27},"end":{"line":7,"column":29}},"1":{"start":{"line":8,"column":33},"end":{"line":8,"column":35}},"2":{"start":{"line":10,"column":42},"end":{"line":10,"column":57}},"3":{"start":{"line":11,"column":52},"end":{"line":11,"column":67}},"4":{"start":{"line":13,"column":4},"end":{"line":21,"column":7}},"5":{"start":{"line":14,"column":8},"end":{"line":15,"column":45}},"6":{"start":{"line":15,"column":12},"end":{"line":15,"column":45}},"7":{"start":{"line":17,"column":8},"end":{"line":18,"column":56}},"8":{"start":{"line":18,"column":12},"end":{"line":18,"column":56}},"9":{"start":{"line":20,"column":8},"end":{"line":20,"column":17}},"10":{"start":{"line":23,"column":4},"end":{"line":25,"column":40}},"11":{"start":{"line":24,"column":8},"end":{"line":24,"column":56}},"12":{"start":{"line":27,"column":31},"end":{"line":29,"column":5}},"13":{"start":{"line":28,"column":8},"end":{"line":28,"column":39}},"14":{"start":{"line":31,"column":36},"end":{"line":33,"column":5}},"15":{"start":{"line":32,"column":8},"end":{"line":32,"column":44}},"16":{"start":{"line":35,"column":4},"end":{"line":51,"column":6}},"17":{"start":{"line":42,"column":47},"end":{"line":42,"column":97}},"18":{"start":{"line":48,"column":58},"end":{"line":48,"column":123}}},"fnMap":{"0":{"name":"ScoreFilter","decl":{"start":{"line":5,"column":24},"end":{"line":5,"column":35}},"loc":{"start":{"line":5,"column":43},"end":{"line":52,"column":1}},"line":5},"1":{"name":"(anonymous_1)","decl":{"start":{"line":13,"column":19},"end":{"line":13,"column":20}},"loc":{"start":{"line":13,"column":28},"end":{"line":21,"column":5}},"line":13},"2":{"name":"(anonymous_2)","decl":{"start":{"line":23,"column":14},"end":{"line":23,"column":15}},"loc":{"start":{"line":23,"column":20},"end":{"line":25,"column":5}},"line":23},"3":{"name":"(anonymous_3)","decl":{"start":{"line":27,"column":31},"end":{"line":27,"column":32}},"loc":{"start":{"line":27,"column":38},"end":{"line":29,"column":5}},"line":27},"4":{"name":"(anonymous_4)","decl":{"start":{"line":31,"column":36},"end":{"line":31,"column":37}},"loc":{"start":{"line":31,"column":43},"end":{"line":33,"column":5}},"line":31},"5":{"name":"(anonymous_5)","decl":{"start":{"line":42,"column":36},"end":{"line":42,"column":37}},"loc":{"start":{"line":42,"column":47},"end":{"line":42,"column":97}},"line":42},"6":{"name":"(anonymous_6)","decl":{"start":{"line":48,"column":42},"end":{"line":48,"column":43}},"loc":{"start":{"line":48,"column":58},"end":{"line":48,"column":123}},"line":48}},"branchMap":{"0":{"loc":{"start":{"line":14,"column":8},"end":{"line":15,"column":45}},"type":"if","locations":[{"start":{"line":14,"column":8},"end":{"line":15,"column":45}},{"start":{"line":14,"column":8},"end":{"line":15,"column":45}}],"line":14},"1":{"loc":{"start":{"line":17,"column":8},"end":{"line":18,"column":56}},"type":"if","locations":[{"start":{"line":17,"column":8},"end":{"line":18,"column":56}},{"start":{"line":17,"column":8},"end":{"line":18,"column":56}}],"line":17}},"s":{"0":3,"1":3,"2":3,"3":2,"4":2,"5":0,"6":0,"7":0,"8":0,"9":0,"10":0,"11":0,"12":0,"13":0,"14":0,"15":0,"16":0,"17":0,"18":0},"f":{"0":3,"1":0,"2":0,"3":0,"4":0,"5":0,"6":0},"b":{"0":[0,0],"1":[0,0]},"_coverageSchema":"1a1c01bbd47fc00a2c39e90264f33305004495a9","hash":"1420b6800c1bb58ab0057ae314e70c60914e5cd5"}
,"C:\\Users\\Kushal\\fp\\w10\\squizGame\\src\\components\\score\\ScoreHeader.js": {"path":"C:\\Users\\Kushal\\fp\\w10\\squizGame\\src\\components\\score\\ScoreHeader.js","statementMap":{"0":{"start":{"line":4,"column":4},"end":{"line":11,"column":6}}},"fnMap":{"0":{"name":"ScoreHeader","decl":{"start":{"line":3,"column":24},"end":{"line":3,"column":35}},"loc":{"start":{"line":3,"column":38},"end":{"line":12,"column":1}},"line":3}},"branchMap":{},"s":{"0":1},"f":{"0":1},"b":{},"_coverageSchema":"1a1c01bbd47fc00a2c39e90264f33305004495a9","hash":"2fea156130988a191dc0bdc6cd98810445c338e4"}
,"C:\\Users\\Kushal\\fp\\w10\\squizGame\\src\\config\\particlesConfig.js": {"path":"C:\\Users\\Kushal\\fp\\w10\\squizGame\\src\\config\\particlesConfig.js","statementMap":{"0":{"start":{"line":1,"column":24},"end":{"line":110,"column":1}}},"fnMap":{},"branchMap":{},"s":{"0":1},"f":{},"b":{},"_coverageSchema":"1a1c01bbd47fc00a2c39e90264f33305004495a9","hash":"c07accfb91163bad2cfce92be4d3dfca958202b6"}
,"C:\\Users\\Kushal\\fp\\w10\\squizGame\\src\\pages\\404\\NotFound.js": {"path":"C:\\Users\\Kushal\\fp\\w10\\squizGame\\src\\pages\\404\\NotFound.js","statementMap":{"0":{"start":{"line":6,"column":4},"end":{"line":6,"column":33}},"1":{"start":{"line":8,"column":4},"end":{"line":15,"column":6}}},"fnMap":{"0":{"name":"NotFound","decl":{"start":{"line":4,"column":24},"end":{"line":4,"column":32}},"loc":{"start":{"line":4,"column":35},"end":{"line":16,"column":1}},"line":4}},"branchMap":{},"s":{"0":1,"1":1},"f":{"0":1},"b":{},"_coverageSchema":"1a1c01bbd47fc00a2c39e90264f33305004495a9","hash":"a8dfdc96292f9ed42c70d2292debe347a854c57d"}
,"C:\\Users\\Kushal\\fp\\w10\\squizGame\\src\\pages\\JoinRoom\\JoinRoom.js": {"path":"C:\\Users\\Kushal\\fp\\w10\\squizGame\\src\\pages\\JoinRoom\\JoinRoom.js","statementMap":{"0":{"start":{"line":3,"column":17},"end":{"line":5,"column":1}},"1":{"start":{"line":4,"column":2},"end":{"line":4,"column":38}}},"fnMap":{"0":{"name":"(anonymous_0)","decl":{"start":{"line":3,"column":17},"end":{"line":3,"column":18}},"loc":{"start":{"line":3,"column":23},"end":{"line":5,"column":1}},"line":3}},"branchMap":{},"s":{"0":0,"1":0},"f":{"0":0},"b":{}}
,"C:\\Users\\Kushal\\fp\\w10\\squizGame\\src\\pages\\LobbyRoom\\LobbyRoom.js": {"path":"C:\\Users\\Kushal\\fp\\w10\\squizGame\\src\\pages\\LobbyRoom\\LobbyRoom.js","statementMap":{"0":{"start":{"line":8,"column":18},"end":{"line":111,"column":1}},"1":{"start":{"line":10,"column":30},"end":{"line":10,"column":55}},"2":{"start":{"line":11,"column":34},"end":{"line":11,"column":59}},"3":{"start":{"line":12,"column":34},"end":{"line":12,"column":59}},"4":{"start":{"line":13,"column":40},"end":{"line":13,"column":65}},"5":{"start":{"line":14,"column":36},"end":{"line":14,"column":61}},"6":{"start":{"line":15,"column":27},"end":{"line":15,"column":52}},"7":{"start":{"line":18,"column":19},"end":{"line":18,"column":30}},"8":{"start":{"line":20,"column":36},"end":{"line":20,"column":50}},"9":{"start":{"line":22,"column":46},"end":{"line":22,"column":57}},"10":{"start":{"line":24,"column":20},"end":{"line":24,"column":32}},"11":{"start":{"line":26,"column":36},"end":{"line":26,"column":51}},"12":{"start":{"line":29,"column":4},"end":{"line":32,"column":19}},"13":{"start":{"line":30,"column":8},"end":{"line":31,"column":37}},"14":{"start":{"line":31,"column":12},"end":{"line":31,"column":37}},"15":{"start":{"line":34,"column":4},"end":{"line":62,"column":11}},"16":{"start":{"line":36,"column":8},"end":{"line":36,"column":35}},"17":{"start":{"line":38,"column":8},"end":{"line":38,"column":43}},"18":{"start":{"line":40,"column":8},"end":{"line":54,"column":11}},"19":{"start":{"line":42,"column":12},"end":{"line":42,"column":39}},"20":{"start":{"line":44,"column":12},"end":{"line":44,"column":27}},"21":{"start":{"line":46,"column":12},"end":{"line":53,"column":13}},"22":{"start":{"line":48,"column":16},"end":{"line":48,"column":45}},"23":{"start":{"line":49,"column":16},"end":{"line":49,"column":57}},"24":{"start":{"line":50,"column":16},"end":{"line":50,"column":34}},"25":{"start":{"line":52,"column":16},"end":{"line":52,"column":35}},"26":{"start":{"line":56,"column":8},"end":{"line":60,"column":11}},"27":{"start":{"line":58,"column":12},"end":{"line":58,"column":67}},"28":{"start":{"line":59,"column":12},"end":{"line":59,"column":30}},"29":{"start":{"line":64,"column":33},"end":{"line":66,"column":5}},"30":{"start":{"line":65,"column":8},"end":{"line":65,"column":53}},"31":{"start":{"line":68,"column":31},"end":{"line":75,"column":5}},"32":{"start":{"line":69,"column":20},"end":{"line":72,"column":9}},"33":{"start":{"line":74,"column":8},"end":{"line":74,"column":19}},"34":{"start":{"line":77,"column":27},"end":{"line":93,"column":5}},"35":{"start":{"line":78,"column":8},"end":{"line":79,"column":19}},"36":{"start":{"line":79,"column":12},"end":{"line":79,"column":19}},"37":{"start":{"line":82,"column":8},"end":{"line":82,"column":94}},"38":{"start":{"line":83,"column":8},"end":{"line":83,"column":54}},"39":{"start":{"line":85,"column":8},"end":{"line":86,"column":52}},"40":{"start":{"line":86,"column":12},"end":{"line":86,"column":52}},"41":{"start":{"line":86,"column":36},"end":{"line":86,"column":50}},"42":{"start":{"line":88,"column":8},"end":{"line":92,"column":9}},"43":{"start":{"line":89,"column":12},"end":{"line":89,"column":31}},"44":{"start":{"line":91,"column":12},"end":{"line":91,"column":57}},"45":{"start":{"line":91,"column":42},"end":{"line":91,"column":55}},"46":{"start":{"line":95,"column":4},"end":{"line":110,"column":6}}},"fnMap":{"0":{"name":"(anonymous_0)","decl":{"start":{"line":8,"column":18},"end":{"line":8,"column":19}},"loc":{"start":{"line":8,"column":24},"end":{"line":111,"column":1}},"line":8},"1":{"name":"(anonymous_1)","decl":{"start":{"line":29,"column":14},"end":{"line":29,"column":15}},"loc":{"start":{"line":29,"column":20},"end":{"line":32,"column":5}},"line":29},"2":{"name":"(anonymous_2)","decl":{"start":{"line":34,"column":14},"end":{"line":34,"column":15}},"loc":{"start":{"line":34,"column":20},"end":{"line":62,"column":5}},"line":34},"3":{"name":"(anonymous_3)","decl":{"start":{"line":40,"column":28},"end":{"line":40,"column":29}},"loc":{"start":{"line":40,"column":61},"end":{"line":54,"column":9}},"line":40},"4":{"name":"(anonymous_4)","decl":{"start":{"line":56,"column":30},"end":{"line":56,"column":31}},"loc":{"start":{"line":56,"column":37},"end":{"line":60,"column":9}},"line":56},"5":{"name":"(anonymous_5)","decl":{"start":{"line":64,"column":33},"end":{"line":64,"column":34}},"loc":{"start":{"line":64,"column":39},"end":{"line":66,"column":5}},"line":64},"6":{"name":"(anonymous_6)","decl":{"start":{"line":68,"column":31},"end":{"line":68,"column":32}},"loc":{"start":{"line":68,"column":37},"end":{"line":75,"column":5}},"line":68},"7":{"name":"(anonymous_7)","decl":{"start":{"line":77,"column":27},"end":{"line":77,"column":28}},"loc":{"start":{"line":77,"column":39},"end":{"line":93,"column":5}},"line":77},"8":{"name":"(anonymous_8)","decl":{"start":{"line":86,"column":22},"end":{"line":86,"column":23}},"loc":{"start":{"line":86,"column":36},"end":{"line":86,"column":50}},"line":86},"9":{"name":"(anonymous_9)","decl":{"start":{"line":91,"column":29},"end":{"line":91,"column":30}},"loc":{"start":{"line":91,"column":42},"end":{"line":91,"column":55}},"line":91}},"branchMap":{"0":{"loc":{"start":{"line":30,"column":8},"end":{"line":31,"column":37}},"type":"if","locations":[{"start":{"line":30,"column":8},"end":{"line":31,"column":37}},{"start":{"line":30,"column":8},"end":{"line":31,"column":37}}],"line":30},"1":{"loc":{"start":{"line":46,"column":12},"end":{"line":53,"column":13}},"type":"if","locations":[{"start":{"line":46,"column":12},"end":{"line":53,"column":13}},{"start":{"line":46,"column":12},"end":{"line":53,"column":13}}],"line":46},"2":{"loc":{"start":{"line":78,"column":8},"end":{"line":79,"column":19}},"type":"if","locations":[{"start":{"line":78,"column":8},"end":{"line":79,"column":19}},{"start":{"line":78,"column":8},"end":{"line":79,"column":19}}],"line":78},"3":{"loc":{"start":{"line":85,"column":8},"end":{"line":86,"column":52}},"type":"if","locations":[{"start":{"line":85,"column":8},"end":{"line":86,"column":52}},{"start":{"line":85,"column":8},"end":{"line":86,"column":52}}],"line":85},"4":{"loc":{"start":{"line":85,"column":12},"end":{"line":85,"column":109}},"type":"binary-expr","locations":[{"start":{"line":85,"column":12},"end":{"line":85,"column":50}},{"start":{"line":85,"column":54},"end":{"line":85,"column":109}}],"line":85},"5":{"loc":{"start":{"line":88,"column":8},"end":{"line":92,"column":9}},"type":"if","locations":[{"start":{"line":88,"column":8},"end":{"line":92,"column":9}},{"start":{"line":88,"column":8},"end":{"line":92,"column":9}}],"line":88},"6":{"loc":{"start":{"line":101,"column":13},"end":{"line":101,"column":134}},"type":"binary-expr","locations":[{"start":{"line":101,"column":13},"end":{"line":101,"column":21}},{"start":{"line":101,"column":25},"end":{"line":101,"column":134}}],"line":101},"7":{"loc":{"start":{"line":105,"column":13},"end":{"line":105,"column":113}},"type":"cond-expr","locations":[{"start":{"line":105,"column":33},"end":{"line":105,"column":108}},{"start":{"line":105,"column":111},"end":{"line":105,"column":113}}],"line":105},"8":{"loc":{"start":{"line":107,"column":13},"end":{"line":107,"column":96}},"type":"binary-expr","locations":[{"start":{"line":107,"column":13},"end":{"line":107,"column":21}},{"start":{"line":107,"column":25},"end":{"line":107,"column":96}}],"line":107}},"s":{"0":1,"1":3,"2":0,"3":0,"4":0,"5":0,"6":0,"7":0,"8":0,"9":0,"10":0,"11":0,"12":0,"13":0,"14":0,"15":0,"16":0,"17":0,"18":0,"19":0,"20":0,"21":0,"22":0,"23":0,"24":0,"25":0,"26":0,"27":0,"28":0,"29":0,"30":0,"31":0,"32":0,"33":0,"34":0,"35":0,"36":0,"37":0,"38":0,"39":0,"40":0,"41":0,"42":0,"43":0,"44":0,"45":0,"46":0},"f":{"0":3,"1":0,"2":0,"3":0,"4":0,"5":0,"6":0,"7":0,"8":0,"9":0},"b":{"0":[0,0],"1":[0,0],"2":[0,0],"3":[0,0],"4":[0,0],"5":[0,0],"6":[0,0],"7":[0,0],"8":[0,0]},"_coverageSchema":"1a1c01bbd47fc00a2c39e90264f33305004495a9","hash":"3fac67e0d5837fa2e75f81ffb7344756b9ad5226"}
,"C:\\Users\\Kushal\\fp\\w10\\squizGame\\src\\pages\\createRoom\\CreateRoom.js": {"path":"C:\\Users\\Kushal\\fp\\w10\\squizGame\\src\\pages\\createRoom\\CreateRoom.js","statementMap":{"0":{"start":{"line":15,"column":19},"end":{"line":131,"column":1}},"1":{"start":{"line":16,"column":18},"end":{"line":16,"column":30}},"2":{"start":{"line":18,"column":32},"end":{"line":18,"column":57}},"3":{"start":{"line":19,"column":40},"end":{"line":19,"column":65}},"4":{"start":{"line":20,"column":28},"end":{"line":20,"column":53}},"5":{"start":{"line":22,"column":2},"end":{"line":27,"column":9}},"6":{"start":{"line":23,"column":4},"end":{"line":26,"column":7}},"7":{"start":{"line":24,"column":6},"end":{"line":24,"column":47}},"8":{"start":{"line":29,"column":32},"end":{"line":34,"column":4}},"9":{"start":{"line":38,"column":23},"end":{"line":47,"column":3}},"10":{"start":{"line":40,"column":17},"end":{"line":40,"column":30}},"11":{"start":{"line":41,"column":18},"end":{"line":41,"column":32}},"12":{"start":{"line":42,"column":4},"end":{"line":42,"column":46}},"13":{"start":{"line":44,"column":4},"end":{"line":46,"column":5}},"14":{"start":{"line":45,"column":6},"end":{"line":45,"column":36}},"15":{"start":{"line":50,"column":22},"end":{"line":58,"column":3}},"16":{"start":{"line":51,"column":4},"end":{"line":51,"column":23}},"17":{"start":{"line":53,"column":4},"end":{"line":55,"column":7}},"18":{"start":{"line":54,"column":6},"end":{"line":54,"column":38}},"19":{"start":{"line":57,"column":4},"end":{"line":57,"column":35}},"20":{"start":{"line":60,"column":2},"end":{"line":130,"column":4}}},"fnMap":{"0":{"name":"(anonymous_0)","decl":{"start":{"line":15,"column":19},"end":{"line":15,"column":20}},"loc":{"start":{"line":15,"column":25},"end":{"line":131,"column":1}},"line":15},"1":{"name":"(anonymous_1)","decl":{"start":{"line":22,"column":12},"end":{"line":22,"column":13}},"loc":{"start":{"line":22,"column":18},"end":{"line":27,"column":3}},"line":22},"2":{"name":"(anonymous_2)","decl":{"start":{"line":23,"column":25},"end":{"line":23,"column":26}},"loc":{"start":{"line":23,"column":37},"end":{"line":26,"column":5}},"line":23},"3":{"name":"(anonymous_3)","decl":{"start":{"line":38,"column":23},"end":{"line":38,"column":24}},"loc":{"start":{"line":38,"column":30},"end":{"line":47,"column":3}},"line":38},"4":{"name":"(anonymous_4)","decl":{"start":{"line":50,"column":22},"end":{"line":50,"column":23}},"loc":{"start":{"line":50,"column":29},"end":{"line":58,"column":3}},"line":50},"5":{"name":"(anonymous_5)","decl":{"start":{"line":53,"column":25},"end":{"line":53,"column":26}},"loc":{"start":{"line":53,"column":37},"end":{"line":55,"column":5}},"line":53}},"branchMap":{"0":{"loc":{"start":{"line":44,"column":4},"end":{"line":46,"column":5}},"type":"if","locations":[{"start":{"line":44,"column":4},"end":{"line":46,"column":5}},{"start":{"line":44,"column":4},"end":{"line":46,"column":5}}],"line":44}},"s":{"0":1,"1":3,"2":2,"3":0,"4":0,"5":0,"6":0,"7":0,"8":0,"9":0,"10":0,"11":0,"12":0,"13":0,"14":0,"15":0,"16":0,"17":0,"18":0,"19":0,"20":0},"f":{"0":3,"1":0,"2":0,"3":0,"4":0,"5":0},"b":{"0":[0,0]},"_coverageSchema":"1a1c01bbd47fc00a2c39e90264f33305004495a9","hash":"77e4c29d75d84a3bd589676af11229a50ed11b17"}
,"C:\\Users\\Kushal\\fp\\w10\\squizGame\\src\\pages\\gameRoom\\GameRoom.js": {"path":"C:\\Users\\Kushal\\fp\\w10\\squizGame\\src\\pages\\gameRoom\\GameRoom.js","statementMap":{"0":{"start":{"line":13,"column":4},"end":{"line":13,"column":82}},"1":{"start":{"line":14,"column":34},"end":{"line":14,"column":59}},"2":{"start":{"line":15,"column":30},"end":{"line":15,"column":55}},"3":{"start":{"line":17,"column":20},"end":{"line":17,"column":32}},"4":{"start":{"line":19,"column":19},"end":{"line":19,"column":30}},"5":{"start":{"line":20,"column":4},"end":{"line":20,"column":29}},"6":{"start":{"line":21,"column":4},"end":{"line":21,"column":20}},"7":{"start":{"line":23,"column":4},"end":{"line":37,"column":11}},"8":{"start":{"line":24,"column":8},"end":{"line":24,"column":32}},"9":{"start":{"line":25,"column":8},"end":{"line":25,"column":24}},"10":{"start":{"line":27,"column":8},"end":{"line":29,"column":11}},"11":{"start":{"line":28,"column":12},"end":{"line":28,"column":53}},"12":{"start":{"line":31,"column":8},"end":{"line":34,"column":11}},"13":{"start":{"line":32,"column":12},"end":{"line":32,"column":30}},"14":{"start":{"line":33,"column":12},"end":{"line":33,"column":26}},"15":{"start":{"line":36,"column":8},"end":{"line":36,"column":35}},"16":{"start":{"line":41,"column":4},"end":{"line":44,"column":7}},"17":{"start":{"line":42,"column":8},"end":{"line":42,"column":39}},"18":{"start":{"line":43,"column":8},"end":{"line":43,"column":35}},"19":{"start":{"line":46,"column":24},"end":{"line":49,"column":5}},"20":{"start":{"line":47,"column":20},"end":{"line":47,"column":40}},"21":{"start":{"line":48,"column":8},"end":{"line":48,"column":44}},"22":{"start":{"line":51,"column":24},"end":{"line":53,"column":5}},"23":{"start":{"line":52,"column":8},"end":{"line":52,"column":36}},"24":{"start":{"line":55,"column":4},"end":{"line":74,"column":6}}},"fnMap":{"0":{"name":"GameRoom","decl":{"start":{"line":12,"column":24},"end":{"line":12,"column":32}},"loc":{"start":{"line":12,"column":35},"end":{"line":75,"column":1}},"line":12},"1":{"name":"(anonymous_1)","decl":{"start":{"line":23,"column":14},"end":{"line":23,"column":15}},"loc":{"start":{"line":23,"column":20},"end":{"line":37,"column":5}},"line":23},"2":{"name":"(anonymous_2)","decl":{"start":{"line":27,"column":28},"end":{"line":27,"column":29}},"loc":{"start":{"line":27,"column":40},"end":{"line":29,"column":9}},"line":27},"3":{"name":"(anonymous_3)","decl":{"start":{"line":31,"column":33},"end":{"line":31,"column":34}},"loc":{"start":{"line":31,"column":43},"end":{"line":34,"column":9}},"line":31},"4":{"name":"(anonymous_4)","decl":{"start":{"line":41,"column":31},"end":{"line":41,"column":32}},"loc":{"start":{"line":41,"column":54},"end":{"line":44,"column":5}},"line":41},"5":{"name":"(anonymous_5)","decl":{"start":{"line":46,"column":24},"end":{"line":46,"column":25}},"loc":{"start":{"line":46,"column":30},"end":{"line":49,"column":5}},"line":46},"6":{"name":"(anonymous_6)","decl":{"start":{"line":51,"column":24},"end":{"line":51,"column":25}},"loc":{"start":{"line":51,"column":30},"end":{"line":53,"column":5}},"line":51}},"branchMap":{"0":{"loc":{"start":{"line":67,"column":17},"end":{"line":67,"column":55}},"type":"binary-expr","locations":[{"start":{"line":67,"column":17},"end":{"line":67,"column":21}},{"start":{"line":67,"column":25},"end":{"line":67,"column":55}}],"line":67}},"s":{"0":3,"1":3,"2":0,"3":0,"4":0,"5":0,"6":0,"7":0,"8":0,"9":0,"10":0,"11":0,"12":0,"13":0,"14":0,"15":0,"16":0,"17":0,"18":0,"19":0,"20":0,"21":0,"22":0,"23":0,"24":0},"f":{"0":3,"1":0,"2":0,"3":0,"4":0,"5":0,"6":0},"b":{"0":[0,0]},"_coverageSchema":"1a1c01bbd47fc00a2c39e90264f33305004495a9","hash":"296c1bea8df227330e7604c2275fe6c889803c5c"}
,"C:\\Users\\Kushal\\fp\\w10\\squizGame\\src\\pages\\home\\Home.js": {"path":"C:\\Users\\Kushal\\fp\\w10\\squizGame\\src\\pages\\home\\Home.js","statementMap":{"0":{"start":{"line":12,"column":15},"end":{"line":20,"column":1}},"1":{"start":{"line":22,"column":15},"end":{"line":27,"column":1}},"2":{"start":{"line":30,"column":2},"end":{"line":30,"column":32}},"3":{"start":{"line":32,"column":2},"end":{"line":54,"column":4}}},"fnMap":{"0":{"name":"Home","decl":{"start":{"line":29,"column":24},"end":{"line":29,"column":28}},"loc":{"start":{"line":29,"column":31},"end":{"line":55,"column":1}},"line":29}},"branchMap":{},"s":{"0":1,"1":1,"2":2,"3":2},"f":{"0":2},"b":{},"_coverageSchema":"1a1c01bbd47fc00a2c39e90264f33305004495a9","hash":"14b18b556146545ccfbd5494665267ce85118088"}
,"C:\\Users\\Kushal\\fp\\w10\\squizGame\\src\\pages\\join\\Join.js": {"path":"C:\\Users\\Kushal\\fp\\w10\\squizGame\\src\\pages\\join\\Join.js","statementMap":{"0":{"start":{"line":16,"column":32},"end":{"line":16,"column":57}},"1":{"start":{"line":17,"column":28},"end":{"line":17,"column":53}},"2":{"start":{"line":18,"column":26},"end":{"line":18,"column":51}},"3":{"start":{"line":20,"column":2},"end":{"line":20,"column":22}},"4":{"start":{"line":21,"column":2},"end":{"line":21,"column":20}},"5":{"start":{"line":23,"column":30},"end":{"line":23,"column":49}},"6":{"start":{"line":25,"column":29},"end":{"line":28,"column":3}},"7":{"start":{"line":26,"column":4},"end":{"line":26,"column":36}},"8":{"start":{"line":27,"column":4},"end":{"line":27,"column":34}},"9":{"start":{"line":30,"column":32},"end":{"line":33,"column":3}},"10":{"start":{"line":31,"column":4},"end":{"line":31,"column":36}},"11":{"start":{"line":32,"column":4},"end":{"line":32,"column":36}},"12":{"start":{"line":35,"column":2},"end":{"line":77,"column":4}}},"fnMap":{"0":{"name":"Join","decl":{"start":{"line":15,"column":24},"end":{"line":15,"column":28}},"loc":{"start":{"line":15,"column":31},"end":{"line":78,"column":1}},"line":15},"1":{"name":"(anonymous_1)","decl":{"start":{"line":25,"column":29},"end":{"line":25,"column":30}},"loc":{"start":{"line":25,"column":40},"end":{"line":28,"column":3}},"line":25},"2":{"name":"(anonymous_2)","decl":{"start":{"line":30,"column":32},"end":{"line":30,"column":33}},"loc":{"start":{"line":30,"column":43},"end":{"line":33,"column":3}},"line":30}},"branchMap":{},"s":{"0":3,"1":0,"2":0,"3":0,"4":0,"5":0,"6":0,"7":0,"8":0,"9":0,"10":0,"11":0,"12":0},"f":{"0":3,"1":0,"2":0},"b":{},"_coverageSchema":"1a1c01bbd47fc00a2c39e90264f33305004495a9","hash":"6307efe3f5858aacb6ff0b08ab9f13f11b970756"}
,"C:\\Users\\Kushal\\fp\\w10\\squizGame\\src\\pages\\leaderboard\\Leaderboard.js": {"path":"C:\\Users\\Kushal\\fp\\w10\\squizGame\\src\\pages\\leaderboard\\Leaderboard.js","statementMap":{"0":{"start":{"line":12,"column":4},"end":{"line":12,"column":35}},"1":{"start":{"line":14,"column":25},"end":{"line":22,"column":5}},"2":{"start":{"line":15,"column":8},"end":{"line":16,"column":22}},"3":{"start":{"line":16,"column":12},"end":{"line":16,"column":22}},"4":{"start":{"line":18,"column":8},"end":{"line":19,"column":21}},"5":{"start":{"line":19,"column":12},"end":{"line":19,"column":21}},"6":{"start":{"line":21,"column":8},"end":{"line":21,"column":17}},"7":{"start":{"line":24,"column":22},"end":{"line":24,"column":50}},"8":{"start":{"line":26,"column":44},"end":{"line":26,"column":63}},"9":{"start":{"line":29,"column":23},"end":{"line":36,"column":5}},"10":{"start":{"line":30,"column":8},"end":{"line":30,"column":37}},"11":{"start":{"line":32,"column":32},"end":{"line":32,"column":99}},"12":{"start":{"line":32,"column":58},"end":{"line":32,"column":98}},"13":{"start":{"line":33,"column":37},"end":{"line":33,"column":125}},"14":{"start":{"line":33,"column":69},"end":{"line":33,"column":124}},"15":{"start":{"line":35,"column":8},"end":{"line":35,"column":46}},"16":{"start":{"line":38,"column":4},"end":{"line":50,"column":6}},"17":{"start":{"line":46,"column":48},"end":{"line":46,"column":177}}},"fnMap":{"0":{"name":"Leaderboard","decl":{"start":{"line":11,"column":24},"end":{"line":11,"column":35}},"loc":{"start":{"line":11,"column":38},"end":{"line":51,"column":1}},"line":11},"1":{"name":"(anonymous_1)","decl":{"start":{"line":14,"column":25},"end":{"line":14,"column":26}},"loc":{"start":{"line":14,"column":35},"end":{"line":22,"column":5}},"line":14},"2":{"name":"(anonymous_2)","decl":{"start":{"line":29,"column":23},"end":{"line":29,"column":24}},"loc":{"start":{"line":29,"column":46},"end":{"line":36,"column":5}},"line":29},"3":{"name":"(anonymous_3)","decl":{"start":{"line":32,"column":49},"end":{"line":32,"column":50}},"loc":{"start":{"line":32,"column":58},"end":{"line":32,"column":98}},"line":32},"4":{"name":"(anonymous_4)","decl":{"start":{"line":33,"column":60},"end":{"line":33,"column":61}},"loc":{"start":{"line":33,"column":69},"end":{"line":33,"column":124}},"line":33},"5":{"name":"(anonymous_5)","decl":{"start":{"line":46,"column":34},"end":{"line":46,"column":35}},"loc":{"start":{"line":46,"column":48},"end":{"line":46,"column":177}},"line":46}},"branchMap":{"0":{"loc":{"start":{"line":15,"column":8},"end":{"line":16,"column":22}},"type":"if","locations":[{"start":{"line":15,"column":8},"end":{"line":16,"column":22}},{"start":{"line":15,"column":8},"end":{"line":16,"column":22}}],"line":15},"1":{"loc":{"start":{"line":18,"column":8},"end":{"line":19,"column":21}},"type":"if","locations":[{"start":{"line":18,"column":8},"end":{"line":19,"column":21}},{"start":{"line":18,"column":8},"end":{"line":19,"column":21}}],"line":18},"2":{"loc":{"start":{"line":32,"column":58},"end":{"line":32,"column":98}},"type":"binary-expr","locations":[{"start":{"line":32,"column":58},"end":{"line":32,"column":79}},{"start":{"line":32,"column":83},"end":{"line":32,"column":98}}],"line":32},"3":{"loc":{"start":{"line":33,"column":69},"end":{"line":33,"column":124}},"type":"binary-expr","locations":[{"start":{"line":33,"column":69},"end":{"line":33,"column":100}},{"start":{"line":33,"column":104},"end":{"line":33,"column":124}}],"line":33}},"s":{"0":0,"1":0,"2":0,"3":0,"4":0,"5":0,"6":0,"7":0,"8":0,"9":0,"10":0,"11":0,"12":0,"13":0,"14":0,"15":0,"16":0,"17":0},"f":{"0":0,"1":0,"2":0,"3":0,"4":0,"5":0},"b":{"0":[0,0],"1":[0,0],"2":[0,0],"3":[0,0]}}
,"C:\\Users\\Kushal\\fp\\w10\\squizGame\\src\\pages\\leaderboard\\data.js": {"path":"C:\\Users\\Kushal\\fp\\w10\\squizGame\\src\\pages\\leaderboard\\data.js","statementMap":{"0":{"start":{"line":1,"column":16},"end":{"line":38,"column":5}},"1":{"start":{"line":2,"column":4},"end":{"line":38,"column":5}}},"fnMap":{"0":{"name":"(anonymous_0)","decl":{"start":{"line":1,"column":16},"end":{"line":1,"column":17}},"loc":{"start":{"line":2,"column":4},"end":{"line":38,"column":5}},"line":2}},"branchMap":{},"s":{"0":0,"1":0},"f":{"0":0},"b":{}}
,"C:\\Users\\Kushal\\fp\\w10\\squizGame\\src\\pages\\results\\Results.js": {"path":"C:\\Users\\Kushal\\fp\\w10\\squizGame\\src\\pages\\results\\Results.js","statementMap":{"0":{"start":{"line":11,"column":23},"end":{"line":11,"column":48}},"1":{"start":{"line":12,"column":26},"end":{"line":12,"column":51}},"2":{"start":{"line":13,"column":24},"end":{"line":13,"column":49}},"3":{"start":{"line":14,"column":23},"end":{"line":14,"column":48}},"4":{"start":{"line":15,"column":25},"end":{"line":15,"column":50}},"5":{"start":{"line":17,"column":46},"end":{"line":17,"column":96}},"6":{"start":{"line":19,"column":4},"end":{"line":26,"column":11}},"7":{"start":{"line":20,"column":8},"end":{"line":23,"column":11}},"8":{"start":{"line":21,"column":12},"end":{"line":21,"column":58}},"9":{"start":{"line":22,"column":12},"end":{"line":22,"column":38}},"10":{"start":{"line":25,"column":8},"end":{"line":25,"column":85}},"11":{"start":{"line":28,"column":29},"end":{"line":40,"column":5}},"12":{"start":{"line":29,"column":8},"end":{"line":35,"column":14}},"13":{"start":{"line":31,"column":12},"end":{"line":35,"column":14}},"14":{"start":{"line":33,"column":48},"end":{"line":33,"column":102}},"15":{"start":{"line":37,"column":8},"end":{"line":39,"column":17}},"16":{"start":{"line":42,"column":4},"end":{"line":49,"column":6}}},"fnMap":{"0":{"name":"Results","decl":{"start":{"line":9,"column":24},"end":{"line":9,"column":31}},"loc":{"start":{"line":9,"column":34},"end":{"line":50,"column":1}},"line":9},"1":{"name":"(anonymous_1)","decl":{"start":{"line":19,"column":14},"end":{"line":19,"column":15}},"loc":{"start":{"line":19,"column":20},"end":{"line":26,"column":5}},"line":19},"2":{"name":"(anonymous_2)","decl":{"start":{"line":20,"column":36},"end":{"line":20,"column":37}},"loc":{"start":{"line":20,"column":49},"end":{"line":23,"column":9}},"line":20},"3":{"name":"(anonymous_3)","decl":{"start":{"line":28,"column":29},"end":{"line":28,"column":30}},"loc":{"start":{"line":28,"column":35},"end":{"line":40,"column":5}},"line":28},"4":{"name":"(anonymous_4)","decl":{"start":{"line":33,"column":39},"end":{"line":33,"column":40}},"loc":{"start":{"line":33,"column":48},"end":{"line":33,"column":102}},"line":33}},"branchMap":{"0":{"loc":{"start":{"line":29,"column":8},"end":{"line":35,"column":14}},"type":"if","locations":[{"start":{"line":29,"column":8},"end":{"line":35,"column":14}},{"start":{"line":29,"column":8},"end":{"line":35,"column":14}}],"line":29}},"s":{"0":3,"1":0,"2":0,"3":0,"4":0,"5":0,"6":0,"7":0,"8":0,"9":0,"10":0,"11":0,"12":0,"13":0,"14":0,"15":0,"16":0},"f":{"0":3,"1":0,"2":0,"3":0,"4":0},"b":{"0":[0,0]},"_coverageSchema":"1a1c01bbd47fc00a2c39e90264f33305004495a9","hash":"365c900da8d69edfb1e927e2beb0f19c3b4bda61"}
}
